2025-08-05 15:55:24.776 T:8        info <general>: -----------------------------------------------------------------------
2025-08-05 15:55:24.776 T:8        info <general>: Starting Kodi from Debian (21.2 Debian package version: 2:21.2+dfsg-4). Platform: Linux x86 64-bit
2025-08-05 15:55:24.776 T:8        info <general>: Using Release Kodi from Debian x64
2025-08-05 15:55:24.776 T:8        info <general>: Kodi from Debian compiled 2025-03-30 by GCC 14.2.0 for Linux x86 64-bit version 6.12.20 (396308)
2025-08-05 15:55:24.776 T:8        info <general>: Running on Debian GNU/Linux 13 (trixie), kernel: Linux x86 64-bit version 6.16.0-x64v3-xanmod1
2025-08-05 15:55:24.776 T:8        info <general>: FFmpeg version/source: 7.1.1-1+b1
2025-08-05 15:55:24.776 T:8        info <general>: Host CPU: Intel(R) Core(TM) i5-7400 CPU @ 3.00GHz, 4 cores available
2025-08-05 15:55:24.776 T:8        info <general>: special://xbmc/ is mapped to: /usr/share/kodi
2025-08-05 15:55:24.776 T:8        info <general>: special://xbmcbin/ is mapped to: /usr/lib/x86_64-linux-gnu/kodi
2025-08-05 15:55:24.776 T:8        info <general>: special://xbmcbinaddons/ is mapped to: /usr/lib/x86_64-linux-gnu/kodi/addons
2025-08-05 15:55:24.776 T:8        info <general>: special://masterprofile/ is mapped to: /home/localhost/.kodi/userdata
2025-08-05 15:55:24.776 T:8        info <general>: special://envhome/ is mapped to: /home/localhost
2025-08-05 15:55:24.776 T:8        info <general>: special://home/ is mapped to: /home/localhost/.kodi
2025-08-05 15:55:24.776 T:8        info <general>: special://temp/ is mapped to: /home/localhost/.kodi/temp
2025-08-05 15:55:24.776 T:8        info <general>: special://logpath/ is mapped to: /home/localhost/.kodi/temp
2025-08-05 15:55:24.776 T:8        info <general>: Webserver extra whitelist paths: 
2025-08-05 15:55:24.776 T:8        info <general>: The executable running is: /usr/lib/x86_64-linux-gnu/kodi/kodi.bin
2025-08-05 15:55:24.776 T:8        info <general>: Local hostname: localhost
2025-08-05 15:55:24.776 T:8        info <general>: Log File is located: /home/localhost/.kodi/temp/kodi.log
2025-08-05 15:55:24.776 T:8        info <general>: -----------------------------------------------------------------------
2025-08-05 15:55:24.776 T:8        info <general>: loading settings
2025-08-05 15:55:24.776 T:8        info <general>: special://profile/ is mapped to: special://masterprofile/
2025-08-05 15:55:24.781 T:8        info <general>: No settings file to load (special://xbmc/system/advancedsettings.xml)
2025-08-05 15:55:24.781 T:8        info <general>: No settings file to load (special://masterprofile/advancedsettings.xml)
2025-08-05 15:55:24.781 T:8        info <general>: Default Video Player: VideoPlayer
2025-08-05 15:55:24.781 T:8        info <general>: Default Audio Player: paplayer
2025-08-05 15:55:24.781 T:8        info <general>: Disabled debug logging due to GUI setting. Level 0.
2025-08-05 15:55:24.781 T:8        info <general>: Log level changed to "info"
2025-08-05 15:55:24.781 T:8        info <general>: CMediaSourceSettings: loading media sources from special://masterprofile/sources.xml
2025-08-05 15:55:24.782 T:8        info <general>: New Cache GUI Settings (replacement of cache in advancedsettings.xml) are:
                                                     Buffer Mode: 4
                                                     Memory Size: 20 MB
                                                     Read Factor: 4.00 x 
                                                     Chunk Size : 131072 bytes
2025-08-05 15:55:24.782 T:8        info <general>: creating subdirectories
2025-08-05 15:55:24.782 T:8        info <general>: userdata folder: special://masterprofile/
2025-08-05 15:55:24.782 T:8        info <general>: recording folder: 
2025-08-05 15:55:24.782 T:8        info <general>: screenshots folder: 
2025-08-05 15:55:24.783 T:8        info <general>: Running database version Addons33
2025-08-05 15:55:24.806 T:8        info <general>: CAddonMgr::FindAddons: audioencoder.kodi.builtin.aac v1.0.2 installed
2025-08-05 15:55:24.806 T:8        info <general>: CAddonMgr::FindAddons: audioencoder.kodi.builtin.wma v1.0.2 installed
2025-08-05 15:55:24.806 T:8        info <general>: CAddonMgr::FindAddons: game.controller.default v1.0.42 installed
2025-08-05 15:55:24.806 T:8        info <general>: CAddonMgr::FindAddons: game.controller.keyboard v1.1.43 installed
2025-08-05 15:55:24.806 T:8        info <general>: CAddonMgr::FindAddons: game.controller.mouse v1.0.26 installed
2025-08-05 15:55:24.806 T:8        info <general>: CAddonMgr::FindAddons: game.controller.snes v1.0.40 installed
2025-08-05 15:55:24.806 T:8        info <general>: CAddonMgr::FindAddons: inputstream.adaptive v21.5.14 installed
2025-08-05 15:55:24.806 T:8        info <general>: CAddonMgr::FindAddons: inputstream.ffmpegdirect v21.3.7 installed
2025-08-05 15:55:24.807 T:8        info <general>: CAddonMgr::FindAddons: kodi.binary.global.audioengine v1.1.1 installed
2025-08-05 15:55:24.807 T:8        info <general>: CAddonMgr::FindAddons: kodi.binary.global.filesystem v1.1.8 installed
2025-08-05 15:55:24.807 T:8        info <general>: CAddonMgr::FindAddons: kodi.binary.global.general v1.0.5 installed
2025-08-05 15:55:24.807 T:8        info <general>: CAddonMgr::FindAddons: kodi.binary.global.gui v5.15.0 installed
2025-08-05 15:55:24.807 T:8        info <general>: CAddonMgr::FindAddons: kodi.binary.global.main v2.0.2 installed
2025-08-05 15:55:24.807 T:8        info <general>: CAddonMgr::FindAddons: kodi.binary.global.network v1.0.4 installed
2025-08-05 15:55:24.807 T:8        info <general>: CAddonMgr::FindAddons: kodi.binary.global.tools v1.0.4 installed
2025-08-05 15:55:24.807 T:8        info <general>: CAddonMgr::FindAddons: kodi.binary.instance.audiodecoder v4.0.0 installed
2025-08-05 15:55:24.807 T:8        info <general>: CAddonMgr::FindAddons: kodi.binary.instance.audioencoder v3.0.0 installed
2025-08-05 15:55:24.807 T:8        info <general>: CAddonMgr::FindAddons: kodi.binary.instance.game v3.0.2 installed
2025-08-05 15:55:24.807 T:8        info <general>: CAddonMgr::FindAddons: kodi.binary.instance.imagedecoder v3.0.1 installed
2025-08-05 15:55:24.807 T:8        info <general>: CAddonMgr::FindAddons: kodi.binary.instance.inputstream v3.3.0 installed
2025-08-05 15:55:24.807 T:8        info <general>: CAddonMgr::FindAddons: kodi.binary.instance.peripheral v3.0.2 installed
2025-08-05 15:55:24.807 T:8        info <general>: CAddonMgr::FindAddons: kodi.binary.instance.pvr v8.3.0 installed
2025-08-05 15:55:24.807 T:8        info <general>: CAddonMgr::FindAddons: kodi.binary.instance.screensaver v2.2.0 installed
2025-08-05 15:55:24.807 T:8        info <general>: CAddonMgr::FindAddons: kodi.binary.instance.vfs v3.0.1 installed
2025-08-05 15:55:24.807 T:8        info <general>: CAddonMgr::FindAddons: kodi.binary.instance.videocodec v2.1.0 installed
2025-08-05 15:55:24.807 T:8        info <general>: CAddonMgr::FindAddons: kodi.binary.instance.visualization v4.0.0 installed
2025-08-05 15:55:24.807 T:8        info <general>: CAddonMgr::FindAddons: kodi.resource v1.0.0 installed
2025-08-05 15:55:24.807 T:8        info <general>: CAddonMgr::FindAddons: metadata.album.universal v3.1.14 installed
2025-08-05 15:55:24.807 T:8        info <general>: CAddonMgr::FindAddons: metadata.artists.universal v4.3.16 installed
2025-08-05 15:55:24.807 T:8        info <general>: CAddonMgr::FindAddons: metadata.common.allmusic.com v3.2.2 installed
2025-08-05 15:55:24.807 T:8        info <general>: CAddonMgr::FindAddons: metadata.common.fanart.tv v3.6.4 installed
2025-08-05 15:55:24.807 T:8        info <general>: CAddonMgr::FindAddons: metadata.common.musicbrainz.org v2.2.4 installed
2025-08-05 15:55:24.807 T:8        info <general>: CAddonMgr::FindAddons: metadata.common.theaudiodb.com v2.0.3 installed
2025-08-05 15:55:24.807 T:8        info <general>: CAddonMgr::FindAddons: metadata.generic.albums v1.0.18 installed
2025-08-05 15:55:24.807 T:8        info <general>: CAddonMgr::FindAddons: metadata.generic.artists v1.0.18 installed
2025-08-05 15:55:24.807 T:8        info <general>: CAddonMgr::FindAddons: metadata.local v1.0.1 installed
2025-08-05 15:55:24.807 T:8        info <general>: CAddonMgr::FindAddons: metadata.themoviedb.org.python v3.1.1 installed
2025-08-05 15:55:24.807 T:8        info <general>: CAddonMgr::FindAddons: metadata.tvshows.themoviedb.org.python v1.7.3 installed
2025-08-05 15:55:24.807 T:8        info <general>: CAddonMgr::FindAddons: peripheral.joystick v21.1.22 installed
2025-08-05 15:55:24.808 T:8        info <general>: CAddonMgr::FindAddons: plugin.audio.arteconcert v2.0.1 installed
2025-08-05 15:55:24.808 T:8        info <general>: CAddonMgr::FindAddons: plugin.audio.deutschlandfunk v2.0.8 installed
2025-08-05 15:55:24.808 T:8        info <general>: CAddonMgr::FindAddons: plugin.audio.soundcloud v4.0.2 installed
2025-08-05 15:55:24.808 T:8        info <general>: CAddonMgr::FindAddons: plugin.video.amazon-test v1.1.6+matrix.1 installed
2025-08-05 15:55:24.808 T:8        info <general>: CAddonMgr::FindAddons: plugin.video.ardundzdf v5.2.1+nexus installed
2025-08-05 15:55:24.808 T:8        info <general>: CAddonMgr::FindAddons: plugin.video.crunchyroll v3.3.0 installed
2025-08-05 15:55:24.808 T:8        info <general>: CAddonMgr::FindAddons: plugin.video.filmarkivet v3.3.0+matrix.1 installed
2025-08-05 15:55:24.808 T:8        info <general>: CAddonMgr::FindAddons: plugin.video.filmfriend v1.0.0 installed
2025-08-05 15:55:24.808 T:8        info <general>: CAddonMgr::FindAddons: plugin.video.invidious v3.2.7 installed
2025-08-05 15:55:24.808 T:8        info <general>: CAddonMgr::FindAddons: plugin.video.joyn v2.5.39+matrix.1 installed
2025-08-05 15:55:24.808 T:8        info <general>: CAddonMgr::FindAddons: plugin.video.mubi v1.0.3 installed
2025-08-05 15:55:24.808 T:8        info <general>: CAddonMgr::FindAddons: plugin.video.mytube v3.4.20 installed
2025-08-05 15:55:24.808 T:8        info <general>: CAddonMgr::FindAddons: plugin.video.mytwitch v2.4.16 installed
2025-08-05 15:55:24.808 T:8        info <general>: CAddonMgr::FindAddons: plugin.video.nasa v3.0.3+matrix.1 installed
2025-08-05 15:55:24.808 T:8        info <general>: CAddonMgr::FindAddons: plugin.video.netflix v1.23.4+matrix.1 installed
2025-08-05 15:55:24.808 T:8        info <general>: CAddonMgr::FindAddons: plugin.video.tyl0re.arte v1.1.3+matrix.1 installed
2025-08-05 15:55:24.808 T:8        info <general>: CAddonMgr::FindAddons: plugin.video.weltspiegel v1.0.0 installed
2025-08-05 15:55:24.808 T:8        info <general>: CAddonMgr::FindAddons: pvr.dvblink v21.1.3 installed
2025-08-05 15:55:24.808 T:8        info <general>: CAddonMgr::FindAddons: repository.castagnait v2.0.1 installed
2025-08-05 15:55:24.808 T:8        info <general>: CAddonMgr::FindAddons: repository.debian.languages v1.0.0 installed
2025-08-05 15:55:24.808 T:8        info <general>: CAddonMgr::FindAddons: repository.kodinerds v7.0.1.7 installed
2025-08-05 15:55:24.808 T:8        info <general>: CAddonMgr::FindAddons: repository.lekma v4.0.1 installed
2025-08-05 15:55:24.808 T:8        info <general>: CAddonMgr::FindAddons: repository.mtr81 v1.0 installed
2025-08-05 15:55:24.808 T:8        info <general>: CAddonMgr::FindAddons: repository.sandmann79.plugins v1.0.4+matrix installed
2025-08-05 15:55:24.808 T:8        info <general>: CAddonMgr::FindAddons: repository.slyguy v0.0.9 installed
2025-08-05 15:55:24.808 T:8        info <general>: CAddonMgr::FindAddons: repository.xbmc.org v3.4.0 installed
2025-08-05 15:55:24.808 T:8        info <general>: CAddonMgr::FindAddons: resource.images.weathericons.default v1.1.9 installed
2025-08-05 15:55:24.808 T:8        info <general>: CAddonMgr::FindAddons: resource.language.en_gb v2.0.2 installed
2025-08-05 15:55:24.808 T:8        info <general>: CAddonMgr::FindAddons: resource.timezone v1.0.0 installed
2025-08-05 15:55:24.808 T:8        info <general>: CAddonMgr::FindAddons: resource.uisounds.kodi v1.0.1 installed
2025-08-05 15:55:24.808 T:8        info <general>: CAddonMgr::FindAddons: screensaver.shadertoy v21.0.2 installed
2025-08-05 15:55:24.809 T:8        info <general>: CAddonMgr::FindAddons: screensaver.xbmc.builtin.black v1.0.34 installed
2025-08-05 15:55:24.809 T:8        info <general>: CAddonMgr::FindAddons: screensaver.xbmc.builtin.dim v1.0.66 installed
2025-08-05 15:55:24.809 T:8        info <general>: CAddonMgr::FindAddons: script.module.addon.signals v0.0.6+matrix.1 installed
2025-08-05 15:55:24.809 T:8        info <general>: CAddonMgr::FindAddons: script.module.amazoncaptcha v0.5.11+matrix.1 installed
2025-08-05 15:55:24.809 T:8        info <general>: CAddonMgr::FindAddons: script.module.beautifulsoup4 v4.12.2 installed
2025-08-05 15:55:24.809 T:8        info <general>: CAddonMgr::FindAddons: script.module.certifi v2023.5.7 installed
2025-08-05 15:55:24.809 T:8        info <general>: CAddonMgr::FindAddons: script.module.chardet v5.1.0 installed
2025-08-05 15:55:24.809 T:8        info <general>: CAddonMgr::FindAddons: script.module.feedparser v6.0.11 installed
2025-08-05 15:55:24.809 T:8        info <general>: CAddonMgr::FindAddons: script.module.iapc v2.4.2 installed
2025-08-05 15:55:24.809 T:8        info <general>: CAddonMgr::FindAddons: script.module.idna v3.10.0 installed
2025-08-05 15:55:24.809 T:8        info <general>: CAddonMgr::FindAddons: script.module.inputstreamhelper v0.7.0 installed
2025-08-05 15:55:24.809 T:8        info <general>: CAddonMgr::FindAddons: script.module.kodi-six v0.1.3.1 installed
2025-08-05 15:55:24.809 T:8        info <general>: CAddonMgr::FindAddons: script.module.libarte v2.0.2 installed
2025-08-05 15:55:24.809 T:8        info <general>: CAddonMgr::FindAddons: script.module.libmediathek4 v1.0.0 installed
2025-08-05 15:55:24.809 T:8        info <general>: CAddonMgr::FindAddons: script.module.mechanicalsoup v1.0.0+matrix.1 installed
2025-08-05 15:55:24.809 T:8        info <general>: CAddonMgr::FindAddons: script.module.myconnpy v8.0.33 installed
2025-08-05 15:55:24.809 T:8        info <general>: CAddonMgr::FindAddons: script.module.nuttig v1.4.8 installed
2025-08-05 15:55:24.809 T:8        info <general>: CAddonMgr::FindAddons: script.module.pil v5.1.0 installed
2025-08-05 15:55:24.809 T:8        info <general>: CAddonMgr::FindAddons: script.module.pyautogui v0.9.51+matrix.1 installed
2025-08-05 15:55:24.809 T:8        info <general>: CAddonMgr::FindAddons: script.module.pycryptodome v3.4.3 installed
2025-08-05 15:55:24.809 T:8        info <general>: CAddonMgr::FindAddons: script.module.pysocks v1.7.0+matrix.1 installed
2025-08-05 15:55:24.809 T:8        info <general>: CAddonMgr::FindAddons: script.module.pyxbmct v1.3.2+matrix.1 installed
2025-08-05 15:55:24.809 T:8        info <general>: CAddonMgr::FindAddons: script.module.requests v2.31.0 installed
2025-08-05 15:55:24.809 T:8        info <general>: CAddonMgr::FindAddons: script.module.requests-cache v0.5.2+matrix.2 installed
2025-08-05 15:55:24.809 T:8        info <general>: CAddonMgr::FindAddons: script.module.sgmllib3k v1.0.0+matrix.2 installed
2025-08-05 15:55:24.809 T:8        info <general>: CAddonMgr::FindAddons: script.module.six v1.16.0+matrix.1 installed
2025-08-05 15:55:24.809 T:8        info <general>: CAddonMgr::FindAddons: script.module.slyguy v0.86.41 installed
2025-08-05 15:55:24.809 T:8        info <general>: CAddonMgr::FindAddons: script.module.soupsieve v2.4.1 installed
2025-08-05 15:55:24.809 T:8        info <general>: CAddonMgr::FindAddons: script.module.urllib3 v2.2.3 installed
2025-08-05 15:55:24.809 T:8        info <general>: CAddonMgr::FindAddons: script.module.xbmcswift2 v19.0.7 installed
2025-08-05 15:55:24.809 T:8        info <general>: CAddonMgr::FindAddons: script.module.xmltodict v0.12.0+matrix.2 installed
2025-08-05 15:55:24.810 T:8        info <general>: CAddonMgr::FindAddons: script.module.yt-dlp v2025.07.21-2 installed
2025-08-05 15:55:24.810 T:8        info <general>: CAddonMgr::FindAddons: service.manifests.mpd v1.4.10 installed
2025-08-05 15:55:24.810 T:8        info <general>: CAddonMgr::FindAddons: service.sponsorblock v1.4.2 installed
2025-08-05 15:55:24.810 T:8        info <general>: CAddonMgr::FindAddons: service.upnext v1.1.9+matrix.1 installed
2025-08-05 15:55:24.810 T:8        info <general>: CAddonMgr::FindAddons: service.xbmc.versioncheck v0.5.30+matrix.1 installed
2025-08-05 15:55:24.810 T:8        info <general>: CAddonMgr::FindAddons: service.yt-dlp v1.4.16 installed
2025-08-05 15:55:24.810 T:8        info <general>: CAddonMgr::FindAddons: skin.estuary v4.0.0 installed
2025-08-05 15:55:24.810 T:8        info <general>: CAddonMgr::FindAddons: slyguy.dependencies v0.0.29 installed
2025-08-05 15:55:24.810 T:8        info <general>: CAddonMgr::FindAddons: slyguy.disney.plus v0.20.25 installed
2025-08-05 15:55:24.810 T:8        info <general>: CAddonMgr::FindAddons: visualization.shadertoy v21.0.2 installed
2025-08-05 15:55:24.810 T:8        info <general>: CAddonMgr::FindAddons: webinterface.default v2.2.33 installed
2025-08-05 15:55:24.810 T:8        info <general>: CAddonMgr::FindAddons: xbmc.addon v21.2.0 installed
2025-08-05 15:55:24.810 T:8        info <general>: CAddonMgr::FindAddons: xbmc.core v0.1.0 installed
2025-08-05 15:55:24.810 T:8        info <general>: CAddonMgr::FindAddons: xbmc.gui v5.17.0 installed
2025-08-05 15:55:24.810 T:8        info <general>: CAddonMgr::FindAddons: xbmc.json v13.5.0 installed
2025-08-05 15:55:24.810 T:8        info <general>: CAddonMgr::FindAddons: xbmc.metadata v2.1.0 installed
2025-08-05 15:55:24.810 T:8        info <general>: CAddonMgr::FindAddons: xbmc.python v3.0.1 installed
2025-08-05 15:55:24.810 T:8        info <general>: CAddonMgr::FindAddons: xbmc.webinterface v1.0.0 installed
2025-08-05 15:55:24.811 T:8        info <general>: Selected Logind/UPower as PowerSyscall
2025-08-05 15:55:24.823 T:8       error <general>: DBus error: org.freedesktop.DBus.Error.InvalidArgs - No such property “OnLowBattery”
2025-08-05 15:55:24.828 T:8        info <general>: CKeyboardLayoutManager: loading keyboard layouts from special://xbmc/system/keyboardlayouts...
2025-08-05 15:55:24.919 T:8        info <general>: InitWindowSystem: Connecting to Wayland server
2025-08-05 15:55:24.925 T:8        info <general>: Wayland presentation clock: 1
2025-08-05 15:55:24.925 T:8        info <general>: UpdateResolutions: User wanted output "Default", we now have "Apple Computer Inc iMac" size 475x267 mm with 1 mode(s):
2025-08-05 15:55:24.925 T:8        info <general>: UpdateResolutions: - 3840x2160 @59.997 Hz pixel ratio 1.001 current
2025-08-05 15:55:24.945 T:8        info <general>: EGL_VERSION = 1.5
2025-08-05 15:55:24.945 T:8        info <general>: EGL_VENDOR = Mesa Project
2025-08-05 15:55:24.945 T:8        info <general>: EGL_EXTENSIONS = EGL_ANDROID_blob_cache EGL_ANDROID_native_fence_sync EGL_EXT_buffer_age EGL_EXT_config_select_group EGL_EXT_create_context_robustness EGL_EXT_image_dma_buf_import EGL_EXT_image_dma_buf_import_modifiers EGL_EXT_present_opaque EGL_EXT_query_reset_notification_strategy EGL_EXT_surface_compression EGL_EXT_swap_buffers_with_damage EGL_IMG_context_priority EGL_KHR_cl_event2 EGL_KHR_config_attribs EGL_KHR_context_flush_control EGL_KHR_create_context EGL_KHR_create_context_no_error EGL_KHR_fence_sync EGL_KHR_get_all_proc_addresses EGL_KHR_gl_colorspace EGL_KHR_gl_renderbuffer_image EGL_KHR_gl_texture_2D_image EGL_KHR_gl_texture_3D_image EGL_KHR_gl_texture_cubemap_image EGL_KHR_image_base EGL_KHR_no_config_context EGL_KHR_reusable_sync EGL_KHR_surfaceless_context EGL_KHR_swap_buffers_with_damage EGL_EXT_pixel_format_float EGL_KHR_wait_sync EGL_MESA_configless_context EGL_MESA_gl_interop EGL_MESA_image_dma_buf_export EGL_MESA_query_driver EGL_MESA_x11_native_visual_id 
2025-08-05 15:55:24.945 T:8        info <general>: EGL_CLIENT_EXTENSIONS = EGL_EXT_device_base EGL_EXT_device_enumeration EGL_EXT_device_query EGL_EXT_platform_base EGL_KHR_client_get_all_proc_addresses EGL_EXT_client_extensions EGL_KHR_debug EGL_EXT_platform_device EGL_EXT_explicit_device EGL_EXT_platform_wayland EGL_KHR_platform_wayland EGL_EXT_platform_x11 EGL_KHR_platform_x11 EGL_EXT_platform_xcb EGL_MESA_platform_gbm EGL_KHR_platform_gbm EGL_MESA_platform_surfaceless
2025-08-05 15:55:24.946 T:8        info <general>: RetroPlayer[RENDER]: Registering renderer factory for DMA
2025-08-05 15:55:24.946 T:8        info <general>: RetroPlayer[RENDER]: Registering renderer factory for OpenGL
2025-08-05 15:55:24.959 T:8        info <general>: VAAPI::Close - closing decoder context
2025-08-05 15:55:24.959 T:8        info <general>: CApplication::CreateGUI - using the wayland windowing system
2025-08-05 15:55:24.959 T:8        info <general>: Checking resolution 16
2025-08-05 15:55:24.959 T:8        info <general>: CreateNewWindow: Starting full screen size 3840x2160
2025-08-05 15:55:24.960 T:8        info <general>: UpdateSizeVariables: Surface size changed: 0x0 -> 3840x2160
2025-08-05 15:55:24.960 T:8        info <general>: UpdateSizeVariables: Buffer size changed: 0x0 -> 3840x2160
2025-08-05 15:55:24.960 T:8        info <general>: UpdateSizeVariables: Configured size changed: 0x0 -> 3840x2160
2025-08-05 15:55:24.962 T:8     warning <general>: [xkb] [XKB-107] (input string):1825:58: unrecognized keysym "XF86KbdInputAssistPrevgrou"
                                                   
2025-08-05 15:55:24.962 T:8     warning <general>: [xkb] [XKB-107] (input string):1826:58: unrecognized keysym "XF86KbdInputAssistNextgrou"
                                                   
2025-08-05 15:55:24.965 T:8        info <general>: UpdateSizeVariables: Surface size changed: 3840x2160 -> 1920x1080
2025-08-05 15:55:24.965 T:8        info <general>: UpdateSizeVariables: Buffer size changed: 3840x2160 -> 1920x1080
2025-08-05 15:55:24.965 T:8        info <general>: UpdateSizeVariables: Configured size changed: 3840x2160 -> 1920x1080
2025-08-05 15:55:24.970 T:8        info <general>: CRenderSystemGL::InitRenderSystem - Version: 4.6 (Core Profile) Mesa 25.2.0~rc3+git2508042130.c67ab965b3d~p~mesarc0, Major: 4, Minor: 6
2025-08-05 15:55:24.970 T:8        info <general>: GL_VENDOR = AMD
2025-08-05 15:55:24.970 T:8        info <general>: GL_RENDERER = AMD Radeon RX Graphics (radeonsi, polaris11, ACO, DRM 3.64, 6.16.0-x64v3-xanmod1)
2025-08-05 15:55:24.970 T:8        info <general>: GL_VERSION = 4.6 (Core Profile) Mesa 25.2.0~rc3+git2508042130.c67ab965b3d~p~mesarc0
2025-08-05 15:55:24.970 T:8        info <general>: GL_SHADING_LANGUAGE_VERSION = 4.60
2025-08-05 15:55:24.970 T:8        info <general>: GL_GPU_MEMORY_INFO_TOTAL_AVAILABLE_MEMORY_NVX = 6109548
2025-08-05 15:55:24.970 T:8        info <general>: GL_GPU_MEMORY_INFO_DEDICATED_VIDMEM_NVX = 2097152
2025-08-05 15:55:24.970 T:8        info <general>: GL_EXTENSIONS = GL_AMD_conservative_depth GL_AMD_depth_clamp_separate GL_AMD_draw_buffers_blend GL_AMD_framebuffer_multisample_advanced GL_AMD_gpu_shader_int64 GL_AMD_multi_draw_indirect GL_AMD_performance_monitor GL_AMD_pinned_memory GL_AMD_query_buffer_object GL_AMD_seamless_cubemap_per_texture GL_AMD_shader_stencil_export GL_AMD_shader_trinary_minmax GL_AMD_texture_texture4 GL_AMD_vertex_shader_layer GL_AMD_vertex_shader_viewport_index GL_ANGLE_texture_compression_dxt3 GL_ANGLE_texture_compression_dxt5 GL_ARB_ES2_compatibility GL_ARB_ES3_1_compatibility GL_ARB_ES3_2_compatibility GL_ARB_ES3_compatibility GL_ARB_arrays_of_arrays GL_ARB_base_instance GL_ARB_bindless_texture GL_ARB_blend_func_extended GL_ARB_buffer_storage GL_ARB_clear_buffer_object GL_ARB_clear_texture GL_ARB_clip_control GL_ARB_color_buffer_float GL_ARB_compressed_texture_pixel_storage GL_ARB_compute_shader GL_ARB_compute_variable_group_size GL_ARB_conditional_render_inverted GL_ARB_conservative_depth GL_ARB_copy_buffer GL_ARB_copy_image GL_ARB_cull_distance GL_ARB_debug_output GL_ARB_depth_buffer_float GL_ARB_depth_clamp GL_ARB_derivative_control GL_ARB_direct_state_access GL_ARB_draw_buffers GL_ARB_draw_buffers_blend GL_ARB_draw_elements_base_vertex GL_ARB_draw_indirect GL_ARB_draw_instanced GL_ARB_enhanced_layouts GL_ARB_explicit_attrib_location GL_ARB_explicit_uniform_location GL_ARB_fragment_coord_conventions GL_ARB_fragment_layer_viewport GL_ARB_fragment_shader GL_ARB_framebuffer_no_attachments GL_ARB_framebuffer_object GL_ARB_framebuffer_sRGB GL_ARB_get_program_binary GL_ARB_get_texture_sub_image GL_ARB_gl_spirv GL_ARB_gpu_shader5 GL_ARB_gpu_shader_fp64 GL_ARB_gpu_shader_int64 GL_ARB_half_float_pixel GL_ARB_half_float_vertex GL_ARB_indirect_parameters GL_ARB_instanced_arrays GL_ARB_internalformat_query GL_ARB_internalformat_query2 GL_ARB_invalidate_subdata GL_ARB_map_buffer_alignment GL_ARB_map_buffer_range GL_ARB_multi_bind GL_ARB_multi_draw_indirect GL_ARB_occlusion_query2 GL_ARB_parallel_shader_compile GL_ARB_pipeline_statistics_query GL_ARB_pixel_buffer_object GL_ARB_point_sprite GL_ARB_polygon_offset_clamp GL_ARB_program_interface_query GL_ARB_provoking_vertex GL_ARB_query_buffer_object GL_ARB_robust_buffer_access_behavior GL_ARB_robustness GL_ARB_sample_shading GL_ARB_sampler_objects GL_ARB_seamless_cube_map GL_ARB_seamless_cubemap_per_texture GL_ARB_separate_shader_objects GL_ARB_shader_atomic_counter_ops GL_ARB_shader_atomic_counters GL_ARB_shader_ballot GL_ARB_shader_bit_encoding GL_ARB_shader_clock GL_ARB_shader_draw_parameters GL_ARB_shader_group_vote GL_ARB_shader_image_load_store GL_ARB_shader_image_size GL_ARB_shader_objects GL_ARB_shader_precision GL_ARB_shader_stencil_export GL_ARB_shader_storage_buffer_object GL_ARB_shader_subroutine GL_ARB_shader_texture_image_samples GL_ARB_shader_texture_lod GL_ARB_shader_viewport_layer_array GL_ARB_shading_language_420pack GL_ARB_shading_language_include GL_ARB_shading_language_packing GL_ARB_spirv_extensions GL_ARB_stencil_texturing GL_ARB_sync GL_ARB_tessellation_shader GL_ARB_texture_barrier GL_ARB_texture_border_clamp GL_ARB_texture_buffer_object GL_ARB_texture_buffer_object_rgb32 GL_ARB_texture_buffer_range GL_ARB_texture_compression_bptc GL_ARB_texture_compression_rgtc GL_ARB_texture_cube_map_array GL_ARB_texture_filter_anisotropic GL_ARB_texture_filter_minmax GL_ARB_texture_float GL_ARB_texture_gather GL_ARB_texture_mirror_clamp_to_edge GL_ARB_texture_multisample GL_ARB_texture_non_power_of_two GL_ARB_texture_query_levels GL_ARB_texture_query_lod GL_ARB_texture_rectangle GL_ARB_texture_rg GL_ARB_texture_rgb10_a2ui GL_ARB_texture_stencil8 GL_ARB_texture_storage GL_ARB_texture_storage_multisample GL_ARB_texture_swizzle GL_ARB_texture_view GL_ARB_timer_query GL_ARB_transform_feedback2 GL_ARB_transform_feedback3 GL_ARB_transform_feedback_instanced GL_ARB_transform_feedback_overflow_query GL_ARB_uniform_buffer_object GL_ARB_vertex_array_bgra GL_ARB_vertex_array_object GL_ARB_vertex_attrib_64bit GL_ARB_vertex_attrib_binding GL_ARB_vertex_buffer_object GL_ARB_vertex_shader GL_ARB_vertex_type_10f_11f_11f_rev GL_ARB_vertex_type_2_10_10_10_rev GL_ARB_viewport_array GL_ATI_blend_equation_separate GL_ATI_meminfo GL_ATI_texture_float GL_ATI_texture_mirror_once GL_EXT_EGL_image_storage GL_EXT_EGL_image_storage_compression GL_EXT_EGL_sync GL_EXT_abgr GL_EXT_blend_equation_separate GL_EXT_debug_label GL_EXT_demote_to_helper_invocation GL_EXT_depth_bounds_test GL_EXT_draw_buffers2 GL_EXT_draw_instanced GL_EXT_framebuffer_blit GL_EXT_framebuffer_multisample GL_EXT_framebuffer_multisample_blit_scaled GL_EXT_framebuffer_object GL_EXT_framebuffer_sRGB GL_EXT_memory_object GL_EXT_memory_object_fd GL_EXT_packed_depth_stencil GL_EXT_packed_float GL_EXT_pixel_buffer_object GL_EXT_polygon_offset_clamp GL_EXT_provoking_vertex GL_EXT_semaphore GL_EXT_semaphore_fd GL_EXT_shader_clock GL_EXT_shader_image_load_formatted GL_EXT_shader_image_load_store GL_EXT_shader_integer_mix GL_EXT_shader_samples_identical GL_EXT_texture_array GL_EXT_texture_compression_dxt1 GL_EXT_texture_compression_rgtc GL_EXT_texture_compression_s3tc GL_EXT_texture_filter_anisotropic GL_EXT_texture_filter_minmax GL_EXT_texture_integer GL_EXT_texture_mirror_clamp GL_EXT_texture_sRGB GL_EXT_texture_sRGB_R8 GL_EXT_texture_sRGB_decode GL_EXT_texture_shadow_lod GL_EXT_texture_shared_exponent GL_EXT_texture_snorm GL_EXT_texture_storage GL_EXT_texture_swizzle GL_EXT_timer_query GL_EXT_transform_feedback GL_EXT_vertex_array_bgra GL_EXT_vertex_attrib_64bit GL_EXT_window_rectangles GL_IBM_multimode_draw_arrays GL_INTEL_blackhole_render GL_KHR_blend_equation_advanced GL_KHR_context_flush_control GL_KHR_debug GL_KHR_no_error GL_KHR_parallel_shader_compile GL_KHR_robust_buffer_access_behavior GL_KHR_robustness GL_KHR_shader_subgroup GL_KHR_texture_compression_astc_ldr GL_KHR_texture_compression_astc_sliced_3d GL_MESA_framebuffer_flip_y GL_MESA_pack_invert GL_MESA_shader_integer_functions GL_MESA_texture_const_bandwidth GL_MESA_texture_signed_rgba GL_NVX_gpu_memory_info GL_NV_alpha_to_coverage_dither_control GL_NV_compute_shader_derivatives GL_NV_conditional_render GL_NV_copy_image GL_NV_depth_clamp GL_NV_packed_depth_stencil GL_NV_shader_atomic_int64 GL_NV_texture_barrier GL_NV_vdpau_interop GL_OES_EGL_image GL_S3_s3tc 
2025-08-05 15:55:24.980 T:8        info <general>: SetResolutionExternal: Kodi asked to switch mode to 1920x1080 @59.997 Hz on output "Apple Computer Inc iMac" full screen
2025-08-05 15:55:24.981 T:8        info <general>: GetOSScreenSaverImpl: Using idle-inhibit-unstable-v1 protocol for screen saver inhibition
2025-08-05 15:55:25.038 T:8        info <general>: GL: Enabling VSYNC
2025-08-05 15:55:25.039 T:8        info <general>: UpdateResolutions: User wanted output "Default", we now have "Apple Computer Inc iMac" size 475x267 mm with 1 mode(s):
2025-08-05 15:55:25.039 T:8        info <general>: UpdateResolutions: - 3840x2160 @59.997 Hz pixel ratio 1.001 current
2025-08-05 15:55:25.039 T:8        info <general>: load keymapping
2025-08-05 15:55:25.039 T:8        info <general>: Loading special://xbmc/system/keymaps/appcommand.xml
2025-08-05 15:55:25.039 T:8        info <general>: Loading special://xbmc/system/keymaps/customcontroller.AppleRemote.xml
2025-08-05 15:55:25.040 T:8        info <general>: Loading special://xbmc/system/keymaps/customcontroller.Harmony.xml
2025-08-05 15:55:25.040 T:8        info <general>: Loading special://xbmc/system/keymaps/customcontroller.SiriRemote.xml
2025-08-05 15:55:25.041 T:8        info <general>: Loading special://xbmc/system/keymaps/gamepad.xml
2025-08-05 15:55:25.041 T:8        info <general>: Loading special://xbmc/system/keymaps/joystick.xml
2025-08-05 15:55:25.042 T:8        info <general>: Loading special://xbmc/system/keymaps/keyboard.xml
2025-08-05 15:55:25.043 T:8        info <general>: Loading special://xbmc/system/keymaps/mouse.xml
2025-08-05 15:55:25.043 T:8        info <general>: Loading special://xbmc/system/keymaps/remote.xml
2025-08-05 15:55:25.043 T:8        info <general>: Loading special://xbmc/system/keymaps/touchscreen.xml
2025-08-05 15:55:25.043 T:8        info <general>: GUI format 3840x2160, Display Apple Computer Inc iMac: 3840x2160 @ 60.00Hz
2025-08-05 15:55:25.044 T:47       info <general>: Found 1 Lists of Devices
2025-08-05 15:55:25.044 T:47       info <general>: Enumerated PIPEWIRE devices:
2025-08-05 15:55:25.044 T:47       info <general>:     Device 1
2025-08-05 15:55:25.044 T:47       info <general>:         m_deviceName      : Default
2025-08-05 15:55:25.044 T:47       info <general>:         m_displayName     : Default
2025-08-05 15:55:25.044 T:47       info <general>:         m_displayNameExtra: Default Output Device (PIPEWIRE)
2025-08-05 15:55:25.044 T:47       info <general>:         m_deviceType      : AE_DEVTYPE_PCM
2025-08-05 15:55:25.044 T:47       info <general>:         m_channels        : FL, FR
2025-08-05 15:55:25.044 T:47       info <general>:         m_sampleRates     : 5512,8000,11025,16000,22050,32000,44100,48000,64000,88200,96000,176400,192000,384000
2025-08-05 15:55:25.044 T:47       info <general>:         m_dataFormats     : AE_FMT_RAW,AE_FMT_U8,AE_FMT_S16NE,AE_FMT_S24NE4,AE_FMT_S32NE,AE_FMT_S24NE3,AE_FMT_FLOAT
2025-08-05 15:55:25.044 T:47       info <general>:         m_streamTypes     : No passthrough capabilities
2025-08-05 15:55:25.044 T:47       info <general>:     Device 2
2025-08-05 15:55:25.044 T:47       info <general>:         m_deviceName      : effect_input.virtual-surround-7.1-hesuvi
2025-08-05 15:55:25.044 T:47       info <general>:         m_displayName     : Atmos Virtual Surround Sink
2025-08-05 15:55:25.044 T:47       info <general>:         m_displayNameExtra: Atmos Virtual Surround Sink (PIPEWIRE)
2025-08-05 15:55:25.044 T:47       info <general>:         m_deviceType      : AE_DEVTYPE_PCM
2025-08-05 15:55:25.044 T:47       info <general>:         m_channels        : FL, FR, FC, LFE, SL, SR, BL, BR
2025-08-05 15:55:25.044 T:47       info <general>:         m_sampleRates     : 5512,8000,11025,16000,22050,32000,44100,48000,64000,88200,96000,176400,192000,384000
2025-08-05 15:55:25.044 T:47       info <general>:         m_dataFormats     : AE_FMT_RAW,AE_FMT_U8,AE_FMT_S16NE,AE_FMT_S24NE4,AE_FMT_S32NE,AE_FMT_S24NE3,AE_FMT_FLOAT
2025-08-05 15:55:25.044 T:47       info <general>:         m_streamTypes     : No passthrough capabilities
2025-08-05 15:55:25.044 T:47       info <general>:     Device 3
2025-08-05 15:55:25.044 T:47       info <general>:         m_deviceName      : alsa_output.usb-MPOW_MPOW_HC6_001-00.analog-stereo
2025-08-05 15:55:25.044 T:47       info <general>:         m_displayName     : Audio Adapter (Unitek Y-247A) Analog Stereo
2025-08-05 15:55:25.044 T:47       info <general>:         m_displayNameExtra: Audio Adapter (Unitek Y-247A) Analog Stereo (PIPEWIRE)
2025-08-05 15:55:25.044 T:47       info <general>:         m_deviceType      : AE_DEVTYPE_PCM
2025-08-05 15:55:25.044 T:47       info <general>:         m_channels        : FL, FR
2025-08-05 15:55:25.044 T:47       info <general>:         m_sampleRates     : 5512,8000,11025,16000,22050,32000,44100,48000,64000,88200,96000,176400,192000,384000
2025-08-05 15:55:25.044 T:47       info <general>:         m_dataFormats     : AE_FMT_RAW,AE_FMT_U8,AE_FMT_S16NE,AE_FMT_S24NE4,AE_FMT_S32NE,AE_FMT_S24NE3,AE_FMT_FLOAT
2025-08-05 15:55:25.044 T:47       info <general>:         m_streamTypes     : No passthrough capabilities
2025-08-05 15:55:25.044 T:48       info <general>: CActiveAESink::OpenSink - initialize sink
2025-08-05 15:55:25.048 T:8        info <general>: CLangInfo: loading resource.language.en_gb language information...
2025-08-05 15:55:25.049 T:8        info <general>: global locale set to en_US.UTF-8
2025-08-05 15:55:25.049 T:8        info <general>: CLangInfo: loading resource.language.en_gb language strings...
2025-08-05 15:55:25.062 T:49       info <general>: Running database version Addons33
2025-08-05 15:55:25.063 T:49       info <general>: Running database version ViewModes6
2025-08-05 15:55:25.063 T:49       info <general>: Running database version Textures13
2025-08-05 15:55:25.064 T:49       info <general>: Running database version MyMusic83
2025-08-05 15:55:25.066 T:49       info <general>: Running database version MyVideos131
2025-08-05 15:55:25.066 T:49       info <general>: Running database version TV46
2025-08-05 15:55:25.067 T:49       info <general>: Running database version Epg16
2025-08-05 15:55:25.130 T:8        info <general>: Unloaded skin
2025-08-05 15:55:25.130 T:8        info <general>:   load skin from: /usr/share/kodi/addons/skin.estuary/ (version: 4.0.0)
2025-08-05 15:55:25.130 T:8        info <general>:   load fonts for skin...
2025-08-05 15:55:25.130 T:8        info <general>: Loading colors from /usr/share/kodi/addons/skin.estuary/colors/concrete.xml
2025-08-05 15:55:25.130 T:8        info <general>: Loading skin includes from /usr/share/kodi/addons/skin.estuary/xml/Includes.xml
2025-08-05 15:55:25.148 T:8        info <general>: LoadFontsFromFile: Loading <fontset> with name 'Default' from '/usr/share/kodi/addons/skin.estuary/xml/Font.xml'
2025-08-05 15:55:25.150 T:8       error <general>: GUIFontManager::LoadTTF: Couldn't load font name: font_clock(roboto-thin.ttf), trying arial.ttf
2025-08-05 15:55:25.152 T:8        info <general>: LoadTimers: Trying to load skin timers from /usr/share/kodi/addons/skin.estuary/xml/Timers.xml
2025-08-05 15:55:25.152 T:8        info <general>:   load new skin...
2025-08-05 15:55:25.152 T:8        info <general>: Loading custom window XMLs from skin path /usr/share/kodi/addons/skin.estuary/xml
2025-08-05 15:55:25.154 T:8        info <general>:   initialize new skin...
2025-08-05 15:55:25.154 T:8        info <general>: Loading skin file: Custom_1109_TopBarOverlay.xml, load type: LOAD_ON_GUI_INIT
2025-08-05 15:55:25.158 T:8        info <general>: Loading skin file: DialogBusy.xml, load type: LOAD_ON_GUI_INIT
2025-08-05 15:55:25.158 T:8        info <general>: Loading skin file: DialogNotification.xml, load type: LOAD_ON_GUI_INIT
2025-08-05 15:55:25.159 T:8        info <general>: Loading skin file: DialogSeekBar.xml, load type: LOAD_ON_GUI_INIT
2025-08-05 15:55:25.163 T:8        info <general>: Loading skin file: DialogExtendedProgressBar.xml, load type: LOAD_ON_GUI_INIT
2025-08-05 15:55:25.164 T:8        info <general>: Loading skin file: Pointer.xml, load type: LOAD_ON_GUI_INIT
2025-08-05 15:55:25.164 T:8        info <general>: Loading skin file: DialogBusy.xml, load type: LOAD_ON_GUI_INIT
2025-08-05 15:55:25.164 T:8        info <general>: Loading skin file: DialogVolumeBar.xml, load type: LOAD_ON_GUI_INIT
2025-08-05 15:55:25.165 T:8        info <general>: Loading resource://resource.uisounds.kodi/sounds.xml
2025-08-05 15:55:25.174 T:8        info <general>:   skin loaded...
2025-08-05 15:55:25.174 T:8        info <general>: Loading skin file: Startup.xml, load type: LOAD_EVERY_TIME
2025-08-05 15:55:25.174 T:8        info <general>: Loading skin file: MyFavourites.xml, load type: KEEP_IN_MEMORY
2025-08-05 15:55:25.194 T:8     warning <general>: JSONRPC: Could not parse type "Setting.Details.SettingList"
2025-08-05 15:55:25.194 T:8        info <general>: JSONRPC: Adding type "Setting.Details.SettingList" to list of incomplete definitions (waiting for "Setting.Details.Setting")
2025-08-05 15:55:25.194 T:8        info <general>: JSONRPC: Resolving incomplete types/methods referencing Setting.Details.Setting
2025-08-05 15:55:25.199 T:8        info <general>: JSONRPC v13.5.0: Successfully initialized
2025-08-05 15:55:25.199 T:8        info <general>: [Media Detection] starting service for optical media detection
2025-08-05 15:55:25.203 T:8        info <general>: AddOnLog: peripheral.joystick: Enabling joystick interface "linux"
2025-08-05 15:55:25.204 T:8        info <general>: Register - new keyboard device registered on application->keyboard: Keyboard (0000:0000)
2025-08-05 15:55:25.204 T:8        info <general>: Register - new mouse device registered on application->mouse: Mouse (0000:0000)
2025-08-05 15:55:25.204 T:54       info <general>: AddOnLog: peripheral.joystick: Initialized joystick 0: "Nacon GC-100", axes: 8, hats: 0, buttons: 11
2025-08-05 15:55:25.204 T:54       info <general>: Loading controller layout: /usr/share/kodi/addons/game.controller.default/resources/layout.xml
2025-08-05 15:55:25.205 T:8        info <general>: Loading player core factory settings from special://xbmc/system/playercorefactory.xml.
2025-08-05 15:55:25.205 T:8        info <general>: Loaded playercorefactory configuration
2025-08-05 15:55:25.205 T:8        info <general>: Loading player core factory settings from special://profile/playercorefactory.xml.
2025-08-05 15:55:25.205 T:8        info <general>: Loaded playercorefactory configuration
2025-08-05 15:55:25.205 T:8        info <general>: removing tempfiles
2025-08-05 15:55:25.206 T:49       info <general>: UpdateClients: Creating PVR client: addonId=pvr.dvblink, instanceId=0, clientId=1
2025-08-05 15:55:25.210 T:54       info <general>: Loading controller layout: /usr/share/kodi/addons/game.controller.mouse/resources/layout.xml
2025-08-05 15:55:25.223 T:49       info <general>: AddOnLog: pvr.dvblink: Generated guid e86662b2-9a73-cb6c-fda2-eead19dd3a54 to use as a DVBLink client ID
2025-08-05 15:55:25.231 T:8        info <general>: initialize done
2025-08-05 15:55:25.231 T:8        info <general>: Running the application...
2025-08-05 15:55:25.235 T:70       info <general>: ES: Starting UDP Event server on port 9777
2025-08-05 15:55:25.240 T:70       info <general>: UDP: Listening on port 9777 (ipv6 : false)
2025-08-05 15:55:25.240 T:70       info <general>: CZeroconfAvahi::clientCallback: avahi server not available. But may become later...
2025-08-05 15:55:25.241 T:49       info <general>: AddOnLog: pvr.dvblink: Connected to DVBLink Server '127.0.0.1'
2025-08-05 15:55:25.272 T:8        info <general>: JSONRPC Server: Successfully initialized
2025-08-05 15:55:25.273 T:49       info <general>: PVR Manager: Starting
2025-08-05 15:55:25.310 T:54       info <general>: Register - new joystick device registered on addon->peripheral.joystick/0: Nacon GC-100
2025-08-05 15:55:25.311 T:75       info <general>: AddOnLog: pvr.dvblink: Getting channels (63 channels on server)
2025-08-05 15:55:25.328 T:74       info <general>: Skipped 1 duplicate messages..
2025-08-05 15:55:25.328 T:74      error <general>: DoWork - Direct texture file loading failed for special://masterprofile/Thumbnails/9/98479525.jpg
2025-08-05 15:55:25.329 T:49      error <general>: DoWork - Direct texture file loading failed for special://masterprofile/Thumbnails/0/0b9f8b7c.jpg
2025-08-05 15:55:25.330 T:79      error <general>: DoWork - Direct texture file loading failed for special://masterprofile/Thumbnails/5/550cceea.jpg
2025-08-05 15:55:25.334 T:75       info <general>: AddOnLog: pvr.dvblink: Found 0 timers
2025-08-05 15:55:25.335 T:75       info <general>: AddOnLog: pvr.dvblink: Found 0 schedules
2025-08-05 15:55:25.336 T:75       info <general>: AddOnLog: pvr.dvblink: Found 0 recordings
2025-08-05 15:55:25.377 T:75       info <general>: PVR Manager: Started
2025-08-05 15:55:25.387 T:84       info <general>: AddOnLog: pvr.dvblink: Not EPG data found for channel with id : 153
2025-08-05 15:55:25.387 T:84      error <general>: GetEPGForChannel: Add-on 1 returned an error: the command failed
2025-08-05 15:55:25.387 T:84      error <general>: Update: Failed to update table 'ZDF HD'
2025-08-05 15:55:25.389 T:84       info <general>: AddOnLog: pvr.dvblink: Not EPG data found for channel with id : 154
2025-08-05 15:55:25.389 T:84      error <general>: GetEPGForChannel: Add-on 1 returned an error: the command failed
2025-08-05 15:55:25.389 T:84      error <general>: Update: Failed to update table 'ZDFinfo HD'
2025-08-05 15:55:25.392 T:84       info <general>: AddOnLog: pvr.dvblink: Not EPG data found for channel with id : 155
2025-08-05 15:55:25.392 T:84      error <general>: GetEPGForChannel: Add-on 1 returned an error: the command failed
2025-08-05 15:55:25.392 T:84      error <general>: Update: Failed to update table 'zdf_neo HD'
2025-08-05 15:55:25.394 T:84       info <general>: AddOnLog: pvr.dvblink: Not EPG data found for channel with id : 157
2025-08-05 15:55:25.394 T:84      error <general>: GetEPGForChannel: Add-on 1 returned an error: the command failed
2025-08-05 15:55:25.394 T:84      error <general>: Update: Failed to update table 'KiKA HD'
2025-08-05 15:55:25.400 T:8        info <general>: GL: Maximum texture width: 16384
2025-08-05 15:55:25.405 T:75       info <general>: AddOnLog: pvr.dvblink: Found 0 timers
2025-08-05 15:55:25.409 T:75       info <general>: AddOnLog: pvr.dvblink: Found 0 schedules
2025-08-05 15:55:25.424 T:75       info <general>: AddOnLog: pvr.dvblink: Found 0 timers
2025-08-05 15:55:25.426 T:75       info <general>: AddOnLog: pvr.dvblink: Found 0 schedules
2025-08-05 15:55:25.494 T:8        info <general>: UpdateSizeVariables: Buffer size changed: 1920x1080 -> 3840x2160
2025-08-05 15:55:25.494 T:8        info <general>: UpdateSizeVariables: Buffer scale changed: 1 -> 2
2025-08-05 15:55:25.494 T:8        info <general>: ApplyBufferScale: Setting Wayland buffer scale to 2
2025-08-05 15:55:25.496 T:8        info <general>: GL: Maximum texture width: 16384
2025-08-05 15:55:25.776 T:13       info <general>: Loading special://xbmc/system/Lircmap.xml
2025-08-05 15:55:25.776 T:13       info <general>: * Adding remote mapping for device 'mceusb'
2025-08-05 15:55:25.776 T:13       info <general>: * Adding remote mapping for device 'XboxDVDDongle'
2025-08-05 15:55:25.776 T:13       info <general>: * Adding remote mapping for device 'Microsoft_Xbox'
2025-08-05 15:55:25.776 T:13       info <general>: * Adding remote mapping for device 'PinnacleSysPCTVRemote'
2025-08-05 15:55:25.776 T:13       info <general>: * Adding remote mapping for device 'anysee'
2025-08-05 15:55:25.776 T:13       info <general>: * Adding remote mapping for device 'iMON-PAD'
2025-08-05 15:55:25.776 T:13       info <general>: * Adding remote mapping for device 'Antec_Veris_RM200'
2025-08-05 15:55:25.776 T:13       info <general>: * Adding remote mapping for device 'MCE_via_iMON'
2025-08-05 15:55:25.776 T:13       info <general>: * Adding remote mapping for device 'TwinHanRemote'
2025-08-05 15:55:25.776 T:13       info <general>: * Adding remote mapping for device 'linux-input-layer'
2025-08-05 15:55:25.776 T:13       info <general>: * Linking remote mapping for 'linux-input-layer' to 'cx23885_remote'
2025-08-05 15:55:25.776 T:13       info <general>: * Adding remote mapping for device 'mediacenter'
2025-08-05 15:55:25.776 T:13       info <general>: * Adding remote mapping for device 'devinput'
2025-08-05 15:55:25.776 T:13       info <general>: * Adding remote mapping for device 'devinput-32'
2025-08-05 15:55:25.776 T:13       info <general>: * Adding remote mapping for device 'devinput-64'
2025-08-05 15:55:26.478 T:67       info <general>: [service.upnext] UpNextMonitor -> Service started
2025-08-05 15:55:27.045 T:75       info <general>: AddOnLog: pvr.dvblink: Found 0 recordings
2025-08-05 15:55:27.564 T:8        info <general>: Loading controller layout: /home/localhost/.kodi/addons/game.controller.keyboard/resources/layout.xml
2025-08-05 15:55:27.843 T:63       info <general>: [plugin.video.netflix (0)] The debug logging is set as DISABLED
2025-08-05 15:55:28.663 T:60       info <general>: [plugin.video.joyn - 2.5.39+matrix.1] Monitor started
2025-08-05 15:55:29.292 T:65       info <general>: [service.manifests.mpd] <service> starting...
2025-08-05 15:55:29.346 T:65       info <general>: [service.manifests.mpd] <service.httpd> started on: http://127.0.0.1:34695
2025-08-05 15:55:29.356 T:8        info <general>: Quitting due to POSIX signal
2025-08-05 15:55:29.447 T:8        info <general>: Stopping the application...
2025-08-05 15:55:29.447 T:8        info <general>: Stopping player
2025-08-05 15:55:29.447 T:8        info <general>: Storing total System Uptime
2025-08-05 15:55:29.447 T:8        info <general>: Saving settings
2025-08-05 15:55:29.449 T:8        info <general>: Saving skin settings
2025-08-05 15:55:29.450 T:8        info <general>: Stopping all
2025-08-05 15:55:29.450 T:8        info <general>: ES: Stopping event server
